<?xml version="1.0" encoding="UTF-8"?>
<!-- Generated by org.testng.reporters.JUnitReportReporter -->
<testsuite skipped="0" hostname="wks-45.corp.nyc.dailymotion.com" name="pages.GmailLoginTest" tests="2" failures="0" timestamp="13 Mar 2017 14:28:49 GMT" time="29.097" errors="0">
  <testcase name="testGmailLogin" time="13.765" classname="pages.GmailLoginTest"/>
  <testcase name="testGmailLogin" time="15.332" classname="pages.GmailLoginTest"/>
</testsuite> <!-- pages.GmailLoginTest -->
